\BOOKMARK [1][-]{section.1}{Wprowadzenie}{}% 1
\BOOKMARK [1][-]{section.2}{Analiza zadania}{}% 2
\BOOKMARK [1][-]{section.3}{Etap 0. }{}% 3
\BOOKMARK [2][-]{subsection.3.1}{Model pojeciowy}{section.3}% 4
\BOOKMARK [3][-]{subsubsection.3.1.1}{Diagram E-R}{subsection.3.1}% 5
\BOOKMARK [3][-]{subsubsection.3.1.2}{Opis encji}{subsection.3.1}% 6
\BOOKMARK [3][-]{subsubsection.3.1.3}{Opis zwiazk\363w encji}{subsection.3.1}% 7
\BOOKMARK [2][-]{subsection.3.2}{Specyfikacja technologii}{section.3}% 8
\BOOKMARK [1][-]{section.4}{Etap 1.}{}% 9
\BOOKMARK [2][-]{subsection.4.1}{Analiza wymagan}{section.4}% 10
\BOOKMARK [3][-]{subsubsection.4.1.1}{Wymagania funkcjonalne}{subsection.4.1}% 11
\BOOKMARK [3][-]{subsubsection.4.1.2}{Wymagania niefunkcjonalne}{subsection.4.1}% 12
\BOOKMARK [2][-]{subsection.4.2}{Logiczny model danych}{section.4}% 13
\BOOKMARK [3][-]{subsubsection.4.2.1}{diagram logiczny}{subsection.4.2}% 14
\BOOKMARK [1][-]{section.5}{Etap 2. }{}% 15
\BOOKMARK [2][-]{subsection.5.1}{Fizyczny model danych}{section.5}% 16
\BOOKMARK [2][-]{subsection.5.2}{Implementacja bazy danych}{section.5}% 17
\BOOKMARK [2][-]{subsection.5.3}{Procedura generowania danych testowych}{section.5}% 18
\BOOKMARK [2][-]{subsection.5.4}{Scenariusz test\363w}{section.5}% 19
\BOOKMARK [1][-]{section.6}{Etap3. }{}% 20
\BOOKMARK [2][-]{subsection.6.1}{Implementacja aplikacji dostepowej oraz raportowej}{section.6}% 21
\BOOKMARK [2][-]{subsection.6.2}{Wyniki test\363w}{section.6}% 22
